<?xml version="1.0" encoding="UTF-8"?>
<!-- Generated by org.testng.reporters.JUnitReportReporter -->
<testsuite skipped="0" hostname="BDC6-DX-6BK6NK2" name="Pageobjectmodel.Testcasewith" tests="1" failures="0" timestamp="03 Jun 2019 07:11:17 GMT" time="12.198" errors="0">
  <testcase name="func" time="12.198" classname="Pageobjectmodel.Testcasewith"/>
</testsuite> <!-- Pageobjectmodel.Testcasewith -->
